<?xml version="1.0" encoding="UTF-8"?>
<testsuite xmlns:xsi="http://www.w3.org/2001/XMLSchema-instance" xsi:schemaLocation="https://maven.apache.org/surefire/maven-surefire-plugin/xsd/surefire-test-report.xsd" name="org.entando.selenium.tests.DTWidgetEditTest" time="33.297" tests="1" errors="1" skipped="0" failures="0">
  <properties>
[...]
</properties>
  <testcase name="runTest" classname="org.entando.selenium.tests.DTWidgetEditTest" time="19.062">
    <error message="Expected condition failed: waiting for visibility of Proxy element for: DefaultElementLocator &apos;By.xpath: //div[contains(@class, &apos;alert&apos;)]&apos; (tried for 8 second(s) with 500 milliseconds interval)" type="org.openqa.selenium.TimeoutException">org.openqa.selenium.TimeoutException: Expected condition failed: waiting for visibility of Proxy element for: DefaultElementLocator 'By.xpath: //div[contains(@class, 'alert')]' (tried for 8 second(s) with 500 milliseconds interval)
	at org.entando.selenium.tests.DTWidgetEditTest.runTest(DTWidgetEditTest.java:112)
Caused by: org.openqa.selenium.NoSuchElementException: 
no such element: Unable to locate element: {"method":"xpath","selector":"//div[contains(@class, 'alert')]"}
  (Session info: chrome=67.0.3396.99)
  (Driver info: chromedriver=2.40.565383 (76257d1ab79276b2d53ee976b2c3e3b9f335cde7),platform=Linux 4.15.0-24-generic x86_64) (WARNING: The server did not provide any stacktrace information)
Command duration or timeout: 0 milliseconds
For documentation on this error, please visit: http://seleniumhq.org/exceptions/no_such_element.html
Build info: version: '3.11.0', revision: 'e59cfb3', time: '2018-03-11T20:26:55.152Z'
System info: host: 'entando-HP-Pavilion-Notebook', ip: '127.0.1.1', os.name: 'Linux', os.arch: 'amd64', os.version: '4.15.0-24-generic', java.version: '1.8.0_171'
Driver info: org.openqa.selenium.chrome.ChromeDriver
Capabilities {acceptInsecureCerts: false, acceptSslCerts: false, applicationCacheEnabled: false, browserConnectionEnabled: false, browserName: chrome, chrome: {chromedriverVersion: 2.40.565383 (76257d1ab79276..., userDataDir: /tmp/.org.chromium.Chromium...}, cssSelectorsEnabled: true, databaseEnabled: false, handlesAlerts: true, hasTouchScreen: false, javascriptEnabled: true, locationContextEnabled: true, mobileEmulationEnabled: false, nativeEvents: true, networkConnectionEnabled: false, pageLoadStrategy: normal, platform: LINUX, platformName: LINUX, rotatable: false, setWindowRect: true, takesHeapSnapshot: true, takesScreenshot: true, unexpectedAlertBehaviour: , unhandledPromptBehavior: , version: 67.0.3396.99, webStorageEnabled: true}
Session ID: a0c51a676981f21942d702bcfb0858b1
*** Element info: {Using=xpath, value=//div[contains(@class, 'alert')]}
	at org.entando.selenium.tests.DTWidgetEditTest.runTest(DTWidgetEditTest.java:112)
</error>
    <system-err><![CDATA[Starting ChromeDriver 2.40.565383 (76257d1ab79276b2d53ee976b2c3e3b9f335cde7) on port 31552
Only local connections are allowed.
lug 12, 2018 11:08:46 AM org.openqa.selenium.remote.ProtocolHandshake createSession
INFORMAZIONI: Detected dialect: OSS
lug 12, 2018 11:09:04 AM org.entando.selenium.utils.pageParts.SimpleTable findColumnIndex
INFORMAZIONI: Header Size: 76
lug 12, 2018 11:09:04 AM org.entando.selenium.utils.pageParts.SimpleTable findColumnIndex
INFORMAZIONI: Column: Name
lug 12, 2018 11:09:04 AM org.entando.selenium.utils.pageParts.SimpleTable findColumnIndex
INFORMAZIONI: Column found! 0
lug 12, 2018 11:09:04 AM org.entando.selenium.utils.pageParts.SimpleTable findColumnIndex
INFORMAZIONI: Header Size: 76
lug 12, 2018 11:09:04 AM org.entando.selenium.utils.pageParts.SimpleTable findColumnIndex
INFORMAZIONI: Column: Name
lug 12, 2018 11:09:04 AM org.entando.selenium.utils.pageParts.SimpleTable findColumnIndex
INFORMAZIONI: Column found! 0
lug 12, 2018 11:09:04 AM org.entando.selenium.utils.pageParts.SimpleTable getCellsFromRow
INFORMAZIONI: Rows Size: 5
lug 12, 2018 11:09:04 AM org.entando.selenium.utils.pageParts.SimpleTable getCellsFromRow
INFORMAZIONI: Elemento:   News - Latest News
lug 12, 2018 11:09:04 AM org.entando.selenium.utils.pageParts.SimpleTable getCellsFromRow
INFORMAZIONI: Elemento:   English-widget
lug 12, 2018 11:09:04 AM org.entando.selenium.utils.pageParts.SimpleTable getCellsFromRow
INFORMAZIONI: Elemento:   language widget
lug 12, 2018 11:09:04 AM org.entando.selenium.utils.pageParts.SimpleTable getCellsFromRow
INFORMAZIONI: Elemento:   SeleniumTest_DontTouch
lug 12, 2018 11:09:04 AM org.entando.selenium.utils.pageParts.SimpleTable getCellsFromRow
INFORMAZIONI: Elemento:   SeleniumTest_DontTouch881
lug 12, 2018 11:09:04 AM org.entando.selenium.utils.pageParts.SimpleTable getCellsFromRow
INFORMAZIONI: Can't find the element in the table.
lug 12, 2018 11:09:07 AM org.entando.selenium.utils.pageParts.SimpleTable findColumnIndex
INFORMAZIONI: Header Size: 76
lug 12, 2018 11:09:07 AM org.entando.selenium.utils.pageParts.SimpleTable findColumnIndex
INFORMAZIONI: Column: Name
lug 12, 2018 11:09:07 AM org.entando.selenium.utils.pageParts.SimpleTable findColumnIndex
INFORMAZIONI: Column: Code
lug 12, 2018 11:09:07 AM org.entando.selenium.utils.pageParts.SimpleTable findColumnIndex
INFORMAZIONI: Column found! 1
lug 12, 2018 11:09:07 AM org.entando.selenium.utils.pageParts.SimpleTable findColumnIndex
INFORMAZIONI: Header Size: 76
lug 12, 2018 11:09:07 AM org.entando.selenium.utils.pageParts.SimpleTable findColumnIndex
INFORMAZIONI: Column: Name
lug 12, 2018 11:09:07 AM org.entando.selenium.utils.pageParts.SimpleTable findColumnIndex
INFORMAZIONI: Column: Code
lug 12, 2018 11:09:07 AM org.entando.selenium.utils.pageParts.SimpleTable findColumnIndex
INFORMAZIONI: Column: used
lug 12, 2018 11:09:07 AM org.entando.selenium.utils.pageParts.SimpleTable findColumnIndex
INFORMAZIONI: Column: Actions
lug 12, 2018 11:09:07 AM org.entando.selenium.utils.pageParts.SimpleTable findColumnIndex
INFORMAZIONI: Column found! 3
lug 12, 2018 11:09:07 AM org.entando.selenium.utils.pageParts.SimpleTable getCellsFromRow
INFORMAZIONI: Rows Size: 5
lug 12, 2018 11:09:07 AM org.entando.selenium.utils.pageParts.SimpleTable getCellsFromRow
INFORMAZIONI: Elemento: NWS_Latest
lug 12, 2018 11:09:07 AM org.entando.selenium.utils.pageParts.SimpleTable getCellsFromRow
INFORMAZIONI: Elemento: english_widget
lug 12, 2018 11:09:07 AM org.entando.selenium.utils.pageParts.SimpleTable getCellsFromRow
INFORMAZIONI: Elemento: language_widget
lug 12, 2018 11:09:08 AM org.entando.selenium.utils.pageParts.SimpleTable getCellsFromRow
INFORMAZIONI: Elemento: seleniumtest_donttouch
lug 12, 2018 11:09:08 AM org.entando.selenium.utils.pageParts.SimpleTable getCellsFromRow
INFORMAZIONI: Elemento: seleniumtest_donttouch881
lug 12, 2018 11:09:08 AM org.entando.selenium.utils.pageParts.SimpleTable getCellsFromRow
INFORMAZIONI: Cell founded!!!
lug 12, 2018 11:09:08 AM org.entando.selenium.utils.WidgetsTestBase deleteWidget
INFORMAZIONI: Kebab clicked
lug 12, 2018 11:09:08 AM org.entando.selenium.utils.WidgetsTestBase deleteWidget
INFORMAZIONI: Kebab delete clicked
]]></system-err>
  </testcase>
</testsuite>